<?xml version="1.0" encoding="UTF-8"?>
<testng-results ignored="0" total="2" passed="2" failed="0" skipped="0">
  <reporter-output>
  </reporter-output>
  <suite started-at="2021-09-25T18:22:11 IST" name="Default suite" finished-at="2021-09-25T18:22:29 IST" duration-ms="18872">
    <groups>
    </groups>
    <test started-at="2021-09-25T18:22:11 IST" name="Default test" finished-at="2021-09-25T18:22:29 IST" duration-ms="18872">
      <class name="com.qa.hubspot.tests.LoginPageTest">
        <test-method is-config="true" signature="setUp()[pri:0, instance:com.qa.hubspot.tests.LoginPageTest@6bedbc4d]" started-at="2021-09-25T18:22:11 IST" name="setUp" finished-at="2021-09-25T18:22:15 IST" duration-ms="4886" status="PASS">
          <reporter-output>
          </reporter-output>
        </test-method> <!-- setUp -->
        <test-method signature="verifyLoginPageTitle()[pri:0, instance:com.qa.hubspot.tests.LoginPageTest@6bedbc4d]" started-at="2021-09-25T18:22:15 IST" name="verifyLoginPageTitle" finished-at="2021-09-25T18:22:25 IST" duration-ms="10021" status="PASS">
          <reporter-output>
          </reporter-output>
        </test-method> <!-- verifyLoginPageTitle -->
        <test-method is-config="true" signature="tearDown()[pri:0, instance:com.qa.hubspot.tests.LoginPageTest@6bedbc4d]" started-at="2021-09-25T18:22:25 IST" name="tearDown" finished-at="2021-09-25T18:22:26 IST" duration-ms="618" status="PASS">
          <reporter-output>
          </reporter-output>
        </test-method> <!-- tearDown -->
        <test-method is-config="true" signature="setUp()[pri:0, instance:com.qa.hubspot.tests.LoginPageTest@6bedbc4d]" started-at="2021-09-25T18:22:26 IST" name="setUp" finished-at="2021-09-25T18:22:29 IST" duration-ms="2676" status="PASS">
          <reporter-output>
          </reporter-output>
        </test-method> <!-- setUp -->
        <test-method signature="verifySignUpLink()[pri:0, instance:com.qa.hubspot.tests.LoginPageTest@6bedbc4d]" started-at="2021-09-25T18:22:29 IST" name="verifySignUpLink" finished-at="2021-09-25T18:22:29 IST" duration-ms="40" status="PASS">
          <reporter-output>
          </reporter-output>
        </test-method> <!-- verifySignUpLink -->
        <test-method is-config="true" signature="tearDown()[pri:0, instance:com.qa.hubspot.tests.LoginPageTest@6bedbc4d]" started-at="2021-09-25T18:22:29 IST" name="tearDown" finished-at="2021-09-25T18:22:29 IST" duration-ms="599" status="PASS">
          <reporter-output>
          </reporter-output>
        </test-method> <!-- tearDown -->
      </class> <!-- com.qa.hubspot.tests.LoginPageTest -->
    </test> <!-- Default test -->
  </suite> <!-- Default suite -->
</testng-results>
